<?xml version="1.0" encoding="UTF-8"?>
<!-- Generated by org.testng.reporters.JUnitReportReporter -->
<testsuite hostname="DESKTOP-7HVND9U" failures="0" tests="1" name="cucumberOptions.TestRunner" time="33.185" errors="0" timestamp="31 Mar 2021 12:28:38 GMT">
  <testcase classname="cucumberOptions.TestRunner" name="feature" time="33.185"/>
</testsuite> <!-- cucumberOptions.TestRunner -->
